<?xml version="1.0" encoding="UTF-8"?>
<testng-results skipped="0" failed="0" ignored="0" total="2" passed="2">
  <reporter-output>
  </reporter-output>
  <suite name="Suite" duration-ms="11961" started-at="2022-12-31T07:19:02Z" finished-at="2022-12-31T07:19:14Z">
    <groups>
      <group name="cucumber">
        <method signature="AbstractTestNGCucumberTests.runScenario(io.cucumber.testng.PickleEventWrapper, io.cucumber.testng.CucumberFeatureWrapper)[pri:0, instance:runners.RunCucumberTest@675d3402]" name="runScenario" class="io.cucumber.testng.AbstractTestNGCucumberTests"/>
      </group> <!-- cucumber -->
    </groups>
    <test name="Test" duration-ms="11961" started-at="2022-12-31T07:19:02Z" finished-at="2022-12-31T07:19:14Z">
      <class name="runners.RunCucumberTest">
        <test-method status="PASS" signature="beforeSuite()[pri:0, instance:runners.RunCucumberTest@675d3402]" name="beforeSuite" is-config="true" duration-ms="42" started-at="2022-12-31T07:19:02Z" finished-at="2022-12-31T07:19:02Z">
          <reporter-output>
          </reporter-output>
        </test-method> <!-- beforeSuite -->
        <test-method status="PASS" signature="setUpClass()[pri:0, instance:runners.RunCucumberTest@675d3402]" name="setUpClass" is-config="true" duration-ms="265" started-at="2022-12-31T07:19:02Z" finished-at="2022-12-31T07:19:02Z">
          <reporter-output>
          </reporter-output>
        </test-method> <!-- setUpClass -->
        <test-method status="PASS" signature="runScenario(io.cucumber.testng.PickleEventWrapper, io.cucumber.testng.CucumberFeatureWrapper)[pri:0, instance:runners.RunCucumberTest@675d3402]" name="runScenario" duration-ms="7664" started-at="2022-12-31T07:19:02Z" description="Runs Cucumber Scenarios" data-provider="scenarios" finished-at="2022-12-31T07:19:10Z">
          <params>
            <param index="0">
              <value>
                <![CDATA["Verify the FB Login and Registration flows 1"]]>
              </value>
            </param>
            <param index="1">
              <value>
                <![CDATA["Verify the FB Login and registration feature"]]>
              </value>
            </param>
          </params>
          <reporter-output>
          </reporter-output>
        </test-method> <!-- runScenario -->
        <test-method status="PASS" signature="runScenario(io.cucumber.testng.PickleEventWrapper, io.cucumber.testng.CucumberFeatureWrapper)[pri:0, instance:runners.RunCucumberTest@675d3402]" name="runScenario" duration-ms="3769" started-at="2022-12-31T07:19:10Z" description="Runs Cucumber Scenarios" data-provider="scenarios" finished-at="2022-12-31T07:19:14Z">
          <params>
            <param index="0">
              <value>
                <![CDATA["Verify the FB Login and Registration flows 2"]]>
              </value>
            </param>
            <param index="1">
              <value>
                <![CDATA["Verify the FB Login and registration feature"]]>
              </value>
            </param>
          </params>
          <reporter-output>
          </reporter-output>
        </test-method> <!-- runScenario -->
        <test-method status="PASS" signature="tearDownClass()[pri:0, instance:runners.RunCucumberTest@675d3402]" name="tearDownClass" is-config="true" duration-ms="80" started-at="2022-12-31T07:19:14Z" finished-at="2022-12-31T07:19:14Z">
          <reporter-output>
          </reporter-output>
        </test-method> <!-- tearDownClass -->
        <test-method status="PASS" signature="afterSuite()[pri:0, instance:runners.RunCucumberTest@675d3402]" name="afterSuite" is-config="true" duration-ms="0" started-at="2022-12-31T07:19:14Z" finished-at="2022-12-31T07:19:14Z">
          <reporter-output>
          </reporter-output>
        </test-method> <!-- afterSuite -->
      </class> <!-- runners.RunCucumberTest -->
    </test> <!-- Test -->
  </suite> <!-- Suite -->
</testng-results>
