<?xml version="1.0" encoding="UTF-8"?>
<testng-results skipped="0" failed="0" ignored="0" total="3" passed="3">
  <reporter-output>
  </reporter-output>
  <suite name="Default suite" duration-ms="15137" started-at="2023-03-04T16:36:01Z" finished-at="2023-03-04T16:36:16Z">
    <groups>
      <group name="cucumber">
        <method signature="AbstractTestNGCucumberTests.runScenario(io.cucumber.testng.PickleEventWrapper, io.cucumber.testng.CucumberFeatureWrapper)[pri:0, instance:runners.RunCucumberTest@57c758ac]" name="runScenario" class="io.cucumber.testng.AbstractTestNGCucumberTests"/>
      </group> <!-- cucumber -->
    </groups>
    <test name="Default test" duration-ms="15137" started-at="2023-03-04T16:36:01Z" finished-at="2023-03-04T16:36:16Z">
      <class name="runners.RunCucumberTest">
        <test-method status="PASS" signature="setUpClass()[pri:0, instance:runners.RunCucumberTest@57c758ac]" name="setUpClass" is-config="true" duration-ms="330" started-at="2023-03-04T16:36:01Z" finished-at="2023-03-04T16:36:01Z">
          <reporter-output>
          </reporter-output>
        </test-method> <!-- setUpClass -->
        <test-method status="PASS" signature="runScenario(io.cucumber.testng.PickleEventWrapper, io.cucumber.testng.CucumberFeatureWrapper)[pri:0, instance:runners.RunCucumberTest@57c758ac]" name="runScenario" duration-ms="5555" started-at="2023-03-04T16:36:02Z" description="Runs Cucumber Scenarios" data-provider="scenarios" finished-at="2023-03-04T16:36:07Z">
          <params>
            <param index="0">
              <value>
                <![CDATA["Verify the FB Login and Registration flows 1"]]>
              </value>
            </param>
            <param index="1">
              <value>
                <![CDATA["Verify the FB Login and registration feature"]]>
              </value>
            </param>
          </params>
          <reporter-output>
          </reporter-output>
        </test-method> <!-- runScenario -->
        <test-method status="PASS" signature="runScenario(io.cucumber.testng.PickleEventWrapper, io.cucumber.testng.CucumberFeatureWrapper)[pri:0, instance:runners.RunCucumberTest@57c758ac]" name="runScenario" duration-ms="4623" started-at="2023-03-04T16:36:07Z" description="Runs Cucumber Scenarios" data-provider="scenarios" finished-at="2023-03-04T16:36:12Z">
          <params>
            <param index="0">
              <value>
                <![CDATA["Verify the FB Login and Registration flows 2"]]>
              </value>
            </param>
            <param index="1">
              <value>
                <![CDATA["Verify the FB Login and registration feature"]]>
              </value>
            </param>
          </params>
          <reporter-output>
          </reporter-output>
        </test-method> <!-- runScenario -->
        <test-method status="PASS" signature="runScenario(io.cucumber.testng.PickleEventWrapper, io.cucumber.testng.CucumberFeatureWrapper)[pri:0, instance:runners.RunCucumberTest@57c758ac]" name="runScenario" duration-ms="4374" started-at="2023-03-04T16:36:12Z" description="Runs Cucumber Scenarios" data-provider="scenarios" finished-at="2023-03-04T16:36:16Z">
          <params>
            <param index="0">
              <value>
                <![CDATA["Verify the FB Login and Registration flows 2"]]>
              </value>
            </param>
            <param index="1">
              <value>
                <![CDATA["Verify the FB Login and registration feature"]]>
              </value>
            </param>
          </params>
          <reporter-output>
          </reporter-output>
        </test-method> <!-- runScenario -->
        <test-method status="PASS" signature="tearDownClass()[pri:0, instance:runners.RunCucumberTest@57c758ac]" name="tearDownClass" is-config="true" duration-ms="93" started-at="2023-03-04T16:36:16Z" finished-at="2023-03-04T16:36:16Z">
          <reporter-output>
          </reporter-output>
        </test-method> <!-- tearDownClass -->
      </class> <!-- runners.RunCucumberTest -->
    </test> <!-- Default test -->
  </suite> <!-- Default suite -->
</testng-results>
